0 info it worked if it ends with ok
1 verbose cli [ 'C:\\Program Files\\nodejs\\node.exe',
1 verbose cli   'C:\\Program Files\\nodejs\\node_modules\\npm\\bin\\npm-cli.js',
1 verbose cli   'run',
1 verbose cli   'test' ]
2 info using npm@3.10.10
3 info using node@v6.11.4
4 verbose run-script [ 'pretest', 'test', 'posttest' ]
5 info lifecycle andela-event-manager@1.0.0~pretest: andela-event-manager@1.0.0
6 silly lifecycle andela-event-manager@1.0.0~pretest: no script for pretest, continuing
7 info lifecycle andela-event-manager@1.0.0~test: andela-event-manager@1.0.0
8 verbose lifecycle andela-event-manager@1.0.0~test: unsafe-perm in lifecycle true
9 verbose lifecycle andela-event-manager@1.0.0~test: PATH: C:\Program Files\nodejs\node_modules\npm\bin\node-gyp-bin;C:\Users\User\Desktop\andela-event-manager-challenge\Andela-Event-Manager\node_modules\.bin;C:\Program Files (x86)\ActiveState Komodo Edit 10\;C:\Program Files (x86)\ActiveState Komodo Edit 8\;C:\WINDOWS\system32;C:\WINDOWS;C:\WINDOWS\System32\Wbem;C:\WINDOWS\System32\WindowsPowerShell\v1.0\;C:\Program Files (x86)\Windows Live\Shared;C:\Program Files (x86)\ATI Technologies\ATI.ACE\Core-Static;C:\Program Files\MATLAB\R2013a\runtime\win64;C:\Program Files\MATLAB\R2013a\bin;C:\Program Files\MATLAB\R2009b\runtime\win64;C:\Program Files\MATLAB\R2009b\bin;C:\Program Files (x86)\Windows Kits\8.1\Windows Performance Toolkit\;C:\Program Files\Microsoft SQL Server\110\Tools\Binn\;C:\Program Files\Microsoft Windows Performance Toolkit\;C:\Users\User\Desktop\Dynamixel x64\bin;C:\Program Files (x86)\Skype\Phone\;C:\Program Files (x86)\Git\bin;C:\Program Files (x86)\Git\cmd;C:\Program Files\MiKTeX 2.9\miktex\bin\x64\;C:\Program Files\nodejs\;C:\Program Files (x86)\Brackets\command;C:\Program Files\Git\cmd;C:\tensorflow_2_anaconda;C:\tensorflow_2_anaconda\Scripts;C:\tensorflow_2_anaconda\Library\bin;C:\Users\User\Anaconda3;C:\Users\User\Anaconda3\Scripts;C:\Users\User\Anaconda3\Library\bin;C:\Program Files\Java\jdk1.8.0\bin;C:\Users\User\Documents\android app\avetanabt-20070719;C:\Users\User\AppData\Roaming\npm;C:\Program Files\Microsoft VS Code\bin;C:\Program Files\Heroku\bin
10 verbose lifecycle andela-event-manager@1.0.0~test: CWD: C:\Users\User\Desktop\andela-event-manager-challenge\Andela-Event-Manager
11 silly lifecycle andela-event-manager@1.0.0~test: Args: [ '/d /s /c',
11 silly lifecycle   'nyc --reporter=html --reporter=text mocha --compilers js:babel-core/register --require babel-polyfill --recursive server/test/ --exit' ]
12 silly lifecycle andela-event-manager@1.0.0~test: Returned: code: 2  signal: null
13 info lifecycle andela-event-manager@1.0.0~test: Failed to exec test script
14 verbose stack Error: andela-event-manager@1.0.0 test: `nyc --reporter=html --reporter=text mocha --compilers js:babel-core/register --require babel-polyfill --recursive server/test/ --exit`
14 verbose stack Exit status 2
14 verbose stack     at EventEmitter.<anonymous> (C:\Program Files\nodejs\node_modules\npm\lib\utils\lifecycle.js:255:16)
14 verbose stack     at emitTwo (events.js:106:13)
14 verbose stack     at EventEmitter.emit (events.js:191:7)
14 verbose stack     at ChildProcess.<anonymous> (C:\Program Files\nodejs\node_modules\npm\lib\utils\spawn.js:40:14)
14 verbose stack     at emitTwo (events.js:106:13)
14 verbose stack     at ChildProcess.emit (events.js:191:7)
14 verbose stack     at maybeClose (internal/child_process.js:920:16)
14 verbose stack     at Process.ChildProcess._handle.onexit (internal/child_process.js:230:5)
15 verbose pkgid andela-event-manager@1.0.0
16 verbose cwd C:\Users\User\Desktop\andela-event-manager-challenge\Andela-Event-Manager
17 error Windows_NT 6.3.9600
18 error argv "C:\\Program Files\\nodejs\\node.exe" "C:\\Program Files\\nodejs\\node_modules\\npm\\bin\\npm-cli.js" "run" "test"
19 error node v6.11.4
20 error npm  v3.10.10
21 error code ELIFECYCLE
22 error andela-event-manager@1.0.0 test: `nyc --reporter=html --reporter=text mocha --compilers js:babel-core/register --require babel-polyfill --recursive server/test/ --exit`
22 error Exit status 2
23 error Failed at the andela-event-manager@1.0.0 test script 'nyc --reporter=html --reporter=text mocha --compilers js:babel-core/register --require babel-polyfill --recursive server/test/ --exit'.
23 error Make sure you have the latest version of node.js and npm installed.
23 error If you do, this is most likely a problem with the andela-event-manager package,
23 error not with npm itself.
23 error Tell the author that this fails on your system:
23 error     nyc --reporter=html --reporter=text mocha --compilers js:babel-core/register --require babel-polyfill --recursive server/test/ --exit
23 error You can get information on how to open an issue for this project with:
23 error     npm bugs andela-event-manager
23 error Or if that isn't available, you can get their info via:
23 error     npm owner ls andela-event-manager
23 error There is likely additional logging output above.
24 verbose exit [ 1, true ]
